#
# There is insufficient memory for the Java Runtime Environment to continue.
# Native memory allocation (malloc) failed to allocate 2097152 bytes. Error detail: AllocateHeap
# Possible reasons:
#   The system is out of physical RAM or swap space
#   This process is running with CompressedOops enabled, and the Java Heap may be blocking the growth of the native heap
# Possible solutions:
#   Reduce memory load on the system
#   Increase physical memory or swap space
#   Check if swap backing store is full
#   Decrease Java heap size (-Xmx/-Xms)
#   Decrease number of Java threads
#   Decrease Java thread stack sizes (-Xss)
#   Set larger code cache with -XX:ReservedCodeCacheSize=
#   JVM is running with Unscaled Compressed Oops mode in which the Java heap is
#     placed in the first 4GB address space. The Java Heap base address is the
#     maximum limit for the native heap growth. Please use -XX:HeapBaseMinAddress
#     to set the Java Heap base and to place the Java Heap above 4GB virtual address.
# This output file may be truncated or incomplete.
#
#  Out of Memory Error (allocation.cpp:44), pid=21832, tid=5136
#
# JRE version: OpenJDK Runtime Environment Temurin-17.0.11+9 (17.0.11+9) (build 17.0.11+9)
# Java VM: OpenJDK 64-Bit Server VM Temurin-17.0.11+9 (17.0.11+9, mixed mode, emulated-client, tiered, compressed oops, compressed class ptrs, g1 gc, windows-amd64)
# No core dump will be written. Minidumps are not enabled by default on client versions of Windows
#

---------------  S U M M A R Y ------------

Command Line: -Xmx1024m -Dsts.lsp.client=vscode -Dsts.log.file=/dev/null -XX:TieredStopAtLevel=1 -Xlog:jni+resolve=off -Dspring.config.location=file:c:\Users\yoshi\.vscode\extensions\vmware.vscode-spring-boot-1.56.0\language-server\BOOT-INF\classes\application.properties org.springframework.ide.vscode.boot.app.BootLanguageServerBootApp

Host: AMD Ryzen 5 4500U with Radeon Graphics         , 6 cores, 7G,  Windows 11 , 64 bit Build 22621 (10.0.22621.3958)
Time: Wed Aug 14 18:11:23 2024  Windows 11 , 64 bit Build 22621 (10.0.22621.3958) elapsed time: 137435.361089 seconds (1d 14h 10m 35s)

---------------  T H R E A D  ---------------

Current thread (0x000002028dd90ea0):  VMThread "VM Thread" [stack: 0x0000000698600000,0x0000000698700000] [id=5136]

Stack: [0x0000000698600000,0x0000000698700000]
Native frames: (J=compiled Java code, j=interpreted, Vv=VM code, C=native code)
V  [jvm.dll+0x67d429]
V  [jvm.dll+0x834b7a]
V  [jvm.dll+0x83663e]
V  [jvm.dll+0x836ca3]
V  [jvm.dll+0x247dbf]
V  [jvm.dll+0xa6cb3]
V  [jvm.dll+0x2f8b61]
V  [jvm.dll+0x2f4750]
V  [jvm.dll+0x2dcf67]
V  [jvm.dll+0x31fb67]
V  [jvm.dll+0x83b19b]
V  [jvm.dll+0x83bed2]
V  [jvm.dll+0x83c3ed]
V  [jvm.dll+0x83c7c4]
V  [jvm.dll+0x83c890]
V  [jvm.dll+0x7e410a]
V  [jvm.dll+0x67c315]
C  [ucrtbase.dll+0x29333]
C  [KERNEL32.DLL+0x1257d]
C  [ntdll.dll+0x5af28]

VM_Operation (0x0000000699cfefe0): G1CollectFull, mode: safepoint, requested by thread 0x00000202938b9030


---------------  P R O C E S S  ---------------

Threads class SMR info:
_java_thread_list=0x000002029386b190, length=25, elements={
0x000002028dda9380, 0x000002028ddaa110, 0x000002028ddbda50, 0x000002028ddbeb30,
0x000002028ddbf400, 0x000002028ddbfcd0, 0x000002028ddc0db0, 0x000002028dde57f0,
0x00000202922145f0, 0x000002029221fa40, 0x00000202937de060, 0x00000202938b9030,
0x00000202938b9510, 0x000002028341ad30, 0x00000202938cdd50, 0x00000202929e7910,
0x00000202939852c0, 0x00000202939857a0, 0x0000020292d72dd0, 0x0000020292d732e0,
0x0000020292d737f0, 0x0000020292d73d00, 0x0000020292d74210, 0x0000020292d728c0,
0x00000202939c2580
}

Java Threads: ( => current thread )
  0x000002028dda9380 JavaThread "Reference Handler" daemon [_thread_blocked, id=14916, stack(0x0000000698700000,0x0000000698800000)]
  0x000002028ddaa110 JavaThread "Finalizer" daemon [_thread_blocked, id=32352, stack(0x0000000698800000,0x0000000698900000)]
  0x000002028ddbda50 JavaThread "Signal Dispatcher" daemon [_thread_blocked, id=21032, stack(0x0000000698900000,0x0000000698a00000)]
  0x000002028ddbeb30 JavaThread "Attach Listener" daemon [_thread_blocked, id=23848, stack(0x0000000698a00000,0x0000000698b00000)]
  0x000002028ddbf400 JavaThread "Service Thread" daemon [_thread_blocked, id=31008, stack(0x0000000698b00000,0x0000000698c00000)]
  0x000002028ddbfcd0 JavaThread "Monitor Deflation Thread" daemon [_thread_blocked, id=3568, stack(0x0000000698c00000,0x0000000698d00000)]
  0x000002028ddc0db0 JavaThread "C1 CompilerThread0" daemon [_thread_blocked, id=31336, stack(0x0000000698d00000,0x0000000698e00000)]
  0x000002028dde57f0 JavaThread "Sweeper thread" daemon [_thread_blocked, id=33480, stack(0x0000000698e00000,0x0000000698f00000)]
  0x00000202922145f0 JavaThread "Notification Thread" daemon [_thread_blocked, id=16988, stack(0x0000000699000000,0x0000000699100000)]
  0x000002029221fa40 JavaThread "Common-Cleaner" daemon [_thread_blocked, id=34680, stack(0x0000000699200000,0x0000000699300000)]
  0x00000202937de060 JavaThread "boundedElastic-evictor-1" daemon [_thread_blocked, id=25508, stack(0x0000000699900000,0x0000000699a00000)]
  0x00000202938b9030 JavaThread "pool-13-thread-1" [_thread_blocked, id=29020, stack(0x0000000699c00000,0x0000000699d00000)]
  0x00000202938b9510 JavaThread "LanguageServerApp-lifecycle" [_thread_blocked, id=25792, stack(0x0000000699d00000,0x0000000699e00000)]
  0x000002028341ad30 JavaThread "DestroyJavaVM" [_thread_blocked, id=28748, stack(0x0000000698000000,0x0000000698100000)]
  0x00000202938cdd50 JavaThread "pool-14-thread-1" [_thread_in_native, id=30788, stack(0x0000000699e00000,0x0000000699f00000)]
  0x00000202929e7910 JavaThread "Simple-Language-Server main thread" daemon [_thread_blocked, id=31176, stack(0x0000000699f00000,0x000000069a000000)]
  0x00000202939852c0 JavaThread "pool-8-thread-1" [_thread_blocked, id=6216, stack(0x000000069a000000,0x000000069a100000)]
  0x00000202939857a0 JavaThread "parallel-1" daemon [_thread_blocked, id=25988, stack(0x000000069a100000,0x000000069a200000)]
  0x0000020292d72dd0 JavaThread "parallel-2" daemon [_thread_blocked, id=30508, stack(0x000000069a200000,0x000000069a300000)]
  0x0000020292d732e0 JavaThread "parallel-3" daemon [_thread_blocked, id=872, stack(0x000000069a300000,0x000000069a400000)]
  0x0000020292d737f0 JavaThread "parallel-4" daemon [_thread_blocked, id=31980, stack(0x000000069a400000,0x000000069a500000)]
  0x0000020292d73d00 JavaThread "parallel-5" daemon [_thread_blocked, id=32008, stack(0x000000069a500000,0x000000069a600000)]
  0x0000020292d74210 JavaThread "parallel-6" daemon [_thread_blocked, id=6576, stack(0x000000069a600000,0x000000069a700000)]
  0x0000020292d728c0 JavaThread "pool-6-thread-1" [_thread_blocked, id=22856, stack(0x000000069a700000,0x000000069a800000)]
  0x00000202939c2580 JavaThread "Reconciler-1" daemon [_thread_blocked, id=26788, stack(0x000000069a800000,0x000000069a900000)]

Other Threads:
=>0x000002028dd90ea0 VMThread "VM Thread" [stack: 0x0000000698600000,0x0000000698700000] [id=5136]
  0x00000202922172f0 WatcherThread [stack: 0x0000000699100000,0x0000000699200000] [id=35208]
  0x00000202834598c0 GCTaskThread "GC Thread#0" [stack: 0x0000000698100000,0x0000000698200000] [id=31632]
  0x000002029250feb0 GCTaskThread "GC Thread#1" [stack: 0x0000000699400000,0x0000000699500000] [id=34340]
  0x0000020292c1cc70 GCTaskThread "GC Thread#2" [stack: 0x0000000699500000,0x0000000699600000] [id=20568]
  0x0000020292058ae0 GCTaskThread "GC Thread#3" [stack: 0x0000000699600000,0x0000000699700000] [id=33008]
  0x0000020292b85030 GCTaskThread "GC Thread#4" [stack: 0x0000000699700000,0x0000000699800000] [id=8336]
  0x0000020292b852f0 GCTaskThread "GC Thread#5" [stack: 0x0000000699800000,0x0000000699900000] [id=7388]
  0x0000020283462720 ConcurrentGCThread "G1 Main Marker" [stack: 0x0000000698200000,0x0000000698300000] [id=11976]
  0x0000020283463050 ConcurrentGCThread "G1 Conc#0" [stack: 0x0000000698300000,0x0000000698400000] [id=35268]
  0x0000020292f16d50 ConcurrentGCThread "G1 Conc#1" [stack: 0x0000000699b00000,0x0000000699c00000] [id=33612]
  0x00000202834bd830 ConcurrentGCThread "G1 Refine#0" [stack: 0x0000000698400000,0x0000000698500000] [id=14048]
  0x00000202834be170 ConcurrentGCThread "G1 Service" [stack: 0x0000000698500000,0x0000000698600000] [id=34036]

Threads with active compile tasks:

VM state: at safepoint (normal execution)

VM Mutex/Monitor currently owned by a thread:  ([mutex/lock_event])
[0x0000020281210920] Threads_lock - owner thread: 0x000002028dd90ea0
[0x0000020283419490] Heap_lock - owner thread: 0x00000202938b9030

Heap address: 0x00000000c0000000, size: 1024 MB, Compressed Oops mode: 32-bit

CDS archive(s) not mapped
Compressed class space mapped at: 0x0000000100000000-0x0000000140000000, reserved size: 1073741824
Narrow klass base: 0x0000000000000000, Narrow klass shift: 3, Narrow klass range: 0x140000000

GC Precious Log:
 CPUs: 6 total, 6 available
 Memory: 7545M
 Large Page Support: Disabled
 NUMA Support: Disabled
 Compressed Oops: Enabled (32-bit)
 Heap Region Size: 1M
 Heap Min Capacity: 8M
 Heap Initial Capacity: 118M
 Heap Max Capacity: 1G
 Pre-touch: Disabled
 Parallel Workers: 6
 Concurrent Workers: 2
 Concurrent Refinement Workers: 6
 Periodic GC: Disabled

Heap:
 garbage-first heap   total 81920K, used 25520K [0x00000000c0000000, 0x0000000100000000)
  region size 1024K, 1 young (1024K), 0 survivors (0K)
 Metaspace       used 40914K, committed 41472K, reserved 1114112K
  class space    used 5214K, committed 5440K, reserved 1048576K

Heap Regions: E=young(eden), S=young(survivor), O=old, HS=humongous(starts), HC=humongous(continues), CS=collection set, F=free, OA=open archive, CA=closed archive, TAMS=top-at-mark-start (previous, next)
|   0|0x00000000c0000000, 0x00000000c0100000, 0x00000000c0100000|100%|HS|  |TAMS 0x00000000c0100000, 0x00000000c0000000| Untracked 
|   1|0x00000000c0100000, 0x00000000c0200000, 0x00000000c0200000|100%|HC|  |TAMS 0x00000000c0200000, 0x00000000c0100000| Untracked 
|   2|0x00000000c0200000, 0x00000000c0300000, 0x00000000c0300000|100%|HC|  |TAMS 0x00000000c0300000, 0x00000000c0200000| Untracked 
|   3|0x00000000c0300000, 0x00000000c0400000, 0x00000000c0400000|100%|HC|  |TAMS 0x00000000c0400000, 0x00000000c0300000| Untracked 
|   4|0x00000000c0400000, 0x00000000c0500000, 0x00000000c0500000|100%|HS|  |TAMS 0x00000000c0500000, 0x00000000c0400000| Untracked 
|   5|0x00000000c0500000, 0x00000000c0600000, 0x00000000c0600000|100%|HC|  |TAMS 0x00000000c0600000, 0x00000000c0500000| Untracked 
|   6|0x00000000c0600000, 0x00000000c0700000, 0x00000000c0700000|100%| O|  |TAMS 0x00000000c0700000, 0x00000000c0600000| Untracked 
|   7|0x00000000c0700000, 0x00000000c0800000, 0x00000000c0800000|100%| O|  |TAMS 0x00000000c0800000, 0x00000000c0700000| Untracked 
|   8|0x00000000c0800000, 0x00000000c0900000, 0x00000000c0900000|100%| O|  |TAMS 0x00000000c0900000, 0x00000000c0800000| Untracked 
|   9|0x00000000c0900000, 0x00000000c0a00000, 0x00000000c0a00000|100%| O|  |TAMS 0x00000000c0a00000, 0x00000000c0900000| Untracked 
|  10|0x00000000c0a00000, 0x00000000c0afe448, 0x00000000c0b00000| 99%| O|  |TAMS 0x00000000c0afe448, 0x00000000c0a00000| Untracked 
|  11|0x00000000c0b00000, 0x00000000c0c00000, 0x00000000c0c00000|100%| O|  |TAMS 0x00000000c0c00000, 0x00000000c0b00000| Untracked 
|  12|0x00000000c0c00000, 0x00000000c0cffff0, 0x00000000c0d00000| 99%| O|  |TAMS 0x00000000c0cffff0, 0x00000000c0c00000| Untracked 
|  13|0x00000000c0d00000, 0x00000000c0e00000, 0x00000000c0e00000|100%| O|  |TAMS 0x00000000c0e00000, 0x00000000c0d00000| Untracked 
|  14|0x00000000c0e00000, 0x00000000c0f00000, 0x00000000c0f00000|100%| O|  |TAMS 0x00000000c0f00000, 0x00000000c0e00000| Untracked 
|  15|0x00000000c0f00000, 0x00000000c0ffffe0, 0x00000000c1000000| 99%| O|  |TAMS 0x00000000c0ffffe0, 0x00000000c0f00000| Untracked 
|  16|0x00000000c1000000, 0x00000000c10fffa0, 0x00000000c1100000| 99%| O|  |TAMS 0x00000000c10fffa0, 0x00000000c1000000| Untracked 
|  17|0x00000000c1100000, 0x00000000c11ffff0, 0x00000000c1200000| 99%| O|  |TAMS 0x00000000c11ffff0, 0x00000000c1100000| Untracked 
|  18|0x00000000c1200000, 0x00000000c12ffff8, 0x00000000c1300000| 99%| O|  |TAMS 0x00000000c12ffff8, 0x00000000c1200000| Untracked 
|  19|0x00000000c1300000, 0x00000000c1400000, 0x00000000c1400000|100%| O|  |TAMS 0x00000000c1400000, 0x00000000c1300000| Untracked 
|  20|0x00000000c1400000, 0x00000000c14ffff8, 0x00000000c1500000| 99%| O|  |TAMS 0x00000000c14ffff8, 0x00000000c1400000| Untracked 
|  21|0x00000000c1500000, 0x00000000c15fff80, 0x00000000c1600000| 99%| O|  |TAMS 0x00000000c15fff80, 0x00000000c1500000| Untracked 
|  22|0x00000000c1600000, 0x00000000c16f5fa8, 0x00000000c1700000| 96%| O|  |TAMS 0x00000000c16f5fa8, 0x00000000c1600000| Untracked 
|  23|0x00000000c1700000, 0x00000000c17f75b0, 0x00000000c1800000| 96%| O|  |TAMS 0x00000000c17f75b0, 0x00000000c1700000| Untracked 
|  24|0x00000000c1800000, 0x00000000c18ffff0, 0x00000000c1900000| 99%| O|  |TAMS 0x00000000c18ffff0, 0x00000000c1800000| Untracked 
|  25|0x00000000c1900000, 0x00000000c1900a10, 0x00000000c1a00000|  0%| O|  |TAMS 0x00000000c1900000, 0x00000000c1900000| Untracked 
|  26|0x00000000c1a00000, 0x00000000c1a00000, 0x00000000c1b00000|  0%| F|  |TAMS 0x00000000c1a00000, 0x00000000c1a00000| Untracked 
|  27|0x00000000c1b00000, 0x00000000c1b00000, 0x00000000c1c00000|  0%| F|  |TAMS 0x00000000c1b00000, 0x00000000c1b00000| Untracked 
|  28|0x00000000c1c00000, 0x00000000c1c00000, 0x00000000c1d00000|  0%| F|  |TAMS 0x00000000c1c00000, 0x00000000c1c00000| Untracked 
|  29|0x00000000c1d00000, 0x00000000c1d00000, 0x00000000c1e00000|  0%| F|  |TAMS 0x00000000c1d00000, 0x00000000c1d00000| Untracked 
|  30|0x00000000c1e00000, 0x00000000c1e00000, 0x00000000c1f00000|  0%| F|  |TAMS 0x00000000c1e00000, 0x00000000c1e00000| Untracked 
|  31|0x00000000c1f00000, 0x00000000c1f00000, 0x00000000c2000000|  0%| F|  |TAMS 0x00000000c1f00000, 0x00000000c1f00000| Untracked 
|  32|0x00000000c2000000, 0x00000000c2000000, 0x00000000c2100000|  0%| F|  |TAMS 0x00000000c2000000, 0x00000000c2000000| Untracked 
|  33|0x00000000c2100000, 0x00000000c2100000, 0x00000000c2200000|  0%| F|  |TAMS 0x00000000c2100000, 0x00000000c2100000| Untracked 
|  34|0x00000000c2200000, 0x00000000c2200000, 0x00000000c2300000|  0%| F|  |TAMS 0x00000000c2200000, 0x00000000c2200000| Untracked 
|  35|0x00000000c2300000, 0x00000000c2300000, 0x00000000c2400000|  0%| F|  |TAMS 0x00000000c2300000, 0x00000000c2300000| Untracked 
|  36|0x00000000c2400000, 0x00000000c2400000, 0x00000000c2500000|  0%| F|  |TAMS 0x00000000c2400000, 0x00000000c2400000| Untracked 
|  37|0x00000000c2500000, 0x00000000c2500000, 0x00000000c2600000|  0%| F|  |TAMS 0x00000000c2500000, 0x00000000c2500000| Untracked 
|  38|0x00000000c2600000, 0x00000000c2600000, 0x00000000c2700000|  0%| F|  |TAMS 0x00000000c2600000, 0x00000000c2600000| Untracked 
|  39|0x00000000c2700000, 0x00000000c2700000, 0x00000000c2800000|  0%| F|  |TAMS 0x00000000c2700000, 0x00000000c2700000| Untracked 
|  40|0x00000000c2800000, 0x00000000c2800000, 0x00000000c2900000|  0%| F|  |TAMS 0x00000000c2800000, 0x00000000c2800000| Untracked 
|  41|0x00000000c2900000, 0x00000000c2900000, 0x00000000c2a00000|  0%| F|  |TAMS 0x00000000c2900000, 0x00000000c2900000| Untracked 
|  42|0x00000000c2a00000, 0x00000000c2a00000, 0x00000000c2b00000|  0%| F|  |TAMS 0x00000000c2a00000, 0x00000000c2a00000| Untracked 
|  43|0x00000000c2b00000, 0x00000000c2b00000, 0x00000000c2c00000|  0%| F|  |TAMS 0x00000000c2b00000, 0x00000000c2b00000| Untracked 
|  44|0x00000000c2c00000, 0x00000000c2c00000, 0x00000000c2d00000|  0%| F|  |TAMS 0x00000000c2c00000, 0x00000000c2c00000| Untracked 
|  45|0x00000000c2d00000, 0x00000000c2d00000, 0x00000000c2e00000|  0%| F|  |TAMS 0x00000000c2d00000, 0x00000000c2d00000| Untracked 
|  46|0x00000000c2e00000, 0x00000000c2e00000, 0x00000000c2f00000|  0%| F|  |TAMS 0x00000000c2e00000, 0x00000000c2e00000| Untracked 
|  47|0x00000000c2f00000, 0x00000000c2f00000, 0x00000000c3000000|  0%| F|  |TAMS 0x00000000c2f00000, 0x00000000c2f00000| Untracked 
|  48|0x00000000c3000000, 0x00000000c3000000, 0x00000000c3100000|  0%| F|  |TAMS 0x00000000c3000000, 0x00000000c3000000| Untracked 
|  49|0x00000000c3100000, 0x00000000c3100000, 0x00000000c3200000|  0%| F|  |TAMS 0x00000000c3100000, 0x00000000c3100000| Untracked 
|  50|0x00000000c3200000, 0x00000000c3200000, 0x00000000c3300000|  0%| F|  |TAMS 0x00000000c3200000, 0x00000000c3200000| Untracked 
|  51|0x00000000c3300000, 0x00000000c3300000, 0x00000000c3400000|  0%| F|  |TAMS 0x00000000c3300000, 0x00000000c3300000| Untracked 
|  52|0x00000000c3400000, 0x00000000c3400000, 0x00000000c3500000|  0%| F|  |TAMS 0x00000000c3400000, 0x00000000c3400000| Untracked 
|  53|0x00000000c3500000, 0x00000000c3500000, 0x00000000c3600000|  0%| F|  |TAMS 0x00000000c3500000, 0x00000000c3500000| Untracked 
|  54|0x00000000c3600000, 0x00000000c3600000, 0x00000000c3700000|  0%| F|  |TAMS 0x00000000c3600000, 0x00000000c3600000| Untracked 
|  55|0x00000000c3700000, 0x00000000c3700000, 0x00000000c3800000|  0%| F|  |TAMS 0x00000000c3700000, 0x00000000c3700000| Untracked 
|  56|0x00000000c3800000, 0x00000000c3800000, 0x00000000c3900000|  0%| F|  |TAMS 0x00000000c3800000, 0x00000000c3800000| Untracked 
|  57|0x00000000c3900000, 0x00000000c3900000, 0x00000000c3a00000|  0%| F|  |TAMS 0x00000000c3900000, 0x00000000c3900000| Untracked 
|  58|0x00000000c3a00000, 0x00000000c3a00000, 0x00000000c3b00000|  0%| F|  |TAMS 0x00000000c3a00000, 0x00000000c3a00000| Untracked 
|  59|0x00000000c3b00000, 0x00000000c3b00000, 0x00000000c3c00000|  0%| F|  |TAMS 0x00000000c3b00000, 0x00000000c3b00000| Untracked 
|  60|0x00000000c3c00000, 0x00000000c3c00000, 0x00000000c3d00000|  0%| F|  |TAMS 0x00000000c3c00000, 0x00000000c3c00000| Untracked 
|  61|0x00000000c3d00000, 0x00000000c3d00000, 0x00000000c3e00000|  0%| F|  |TAMS 0x00000000c3d00000, 0x00000000c3d00000| Untracked 
|  62|0x00000000c3e00000, 0x00000000c3e00000, 0x00000000c3f00000|  0%| F|  |TAMS 0x00000000c3e00000, 0x00000000c3e00000| Untracked 
|  63|0x00000000c3f00000, 0x00000000c3f00000, 0x00000000c4000000|  0%| F|  |TAMS 0x00000000c3f00000, 0x00000000c3f00000| Untracked 
|  64|0x00000000c4000000, 0x00000000c4000000, 0x00000000c4100000|  0%| F|  |TAMS 0x00000000c4000000, 0x00000000c4000000| Untracked 
|  65|0x00000000c4100000, 0x00000000c4100000, 0x00000000c4200000|  0%| F|  |TAMS 0x00000000c4100000, 0x00000000c4100000| Untracked 
|  66|0x00000000c4200000, 0x00000000c4200000, 0x00000000c4300000|  0%| F|  |TAMS 0x00000000c4200000, 0x00000000c4200000| Untracked 
|  67|0x00000000c4300000, 0x00000000c4300000, 0x00000000c4400000|  0%| F|  |TAMS 0x00000000c4300000, 0x00000000c4300000| Untracked 
|  68|0x00000000c4400000, 0x00000000c4400000, 0x00000000c4500000|  0%| F|  |TAMS 0x00000000c4400000, 0x00000000c4400000| Untracked 
|  69|0x00000000c4500000, 0x00000000c4500000, 0x00000000c4600000|  0%| F|  |TAMS 0x00000000c4500000, 0x00000000c4500000| Untracked 
|  70|0x00000000c4600000, 0x00000000c4600000, 0x00000000c4700000|  0%| F|  |TAMS 0x00000000c4600000, 0x00000000c4600000| Untracked 
|  71|0x00000000c4700000, 0x00000000c4700000, 0x00000000c4800000|  0%| F|  |TAMS 0x00000000c4700000, 0x00000000c4700000| Untracked 
| 107|0x00000000c6b00000, 0x00000000c6b00000, 0x00000000c6c00000|  0%| F|  |TAMS 0x00000000c6b00000, 0x00000000c6b00000| Untracked 
| 108|0x00000000c6c00000, 0x00000000c6c00000, 0x00000000c6d00000|  0%| F|  |TAMS 0x00000000c6c00000, 0x00000000c6c00000| Untracked 
| 109|0x00000000c6d00000, 0x00000000c6d00000, 0x00000000c6e00000|  0%| F|  |TAMS 0x00000000c6d00000, 0x00000000c6d00000| Untracked 
| 110|0x00000000c6e00000, 0x00000000c6e00000, 0x00000000c6f00000|  0%| F|  |TAMS 0x00000000c6e00000, 0x00000000c6e00000| Untracked 
| 111|0x00000000c6f00000, 0x00000000c6f00000, 0x00000000c7000000|  0%| F|  |TAMS 0x00000000c6f00000, 0x00000000c6f00000| Untracked 
| 112|0x00000000c7000000, 0x00000000c7000000, 0x00000000c7100000|  0%| F|  |TAMS 0x00000000c7000000, 0x00000000c7000000| Untracked 
| 116|0x00000000c7400000, 0x00000000c7400000, 0x00000000c7500000|  0%| F|  |TAMS 0x00000000c7400000, 0x00000000c7400000| Untracked 
| 117|0x00000000c7500000, 0x00000000c751bba8, 0x00000000c7600000| 10%| E|  |TAMS 0x00000000c7500000, 0x00000000c7500000| Complete 

Card table byte_map: [0x00000202892a0000,0x00000202894a0000] _byte_map_base: 0x0000020288ca0000

Marking Bits (Prev, Next): (CMBitMap*) 0x0000020283459e30, (CMBitMap*) 0x0000020283459df0
 Prev Bits: [0x000002028a6a0000, 0x000002028b6a0000)
 Next Bits: [0x00000202896a0000, 0x000002028a6a0000)

Polling page: 0x0000020281380000

Metaspace:

Usage:
  Non-class:     34.86 MB used.
      Class:      5.09 MB used.
       Both:     39.96 MB used.

Virtual space:
  Non-class space:       64.00 MB reserved,      35.19 MB ( 55%) committed,  1 nodes.
      Class space:        1.00 GB reserved,       5.31 MB ( <1%) committed,  1 nodes.
             Both:        1.06 GB reserved,      40.50 MB (  4%) committed. 

Chunk freelists:
   Non-Class:  12.19 MB
       Class:  10.71 MB
        Both:  22.90 MB

MaxMetaspaceSize: unlimited
CompressedClassSpaceSize: 1.00 GB
Initial GC threshold: 21.00 MB
Current GC threshold: 67.50 MB
CDS: off
MetaspaceReclaimPolicy: balanced
 - commit_granule_bytes: 65536.
 - commit_granule_words: 8192.
 - virtual_space_node_default_size: 8388608.
 - enlarge_chunks_in_place: 1.
 - new_chunks_are_fully_committed: 0.
 - uncommit_free_chunks: 1.
 - use_allocation_guard: 0.
 - handle_deallocations: 1.


Internal statistics:

num_allocs_failed_limit: 6.
num_arena_births: 502.
num_arena_deaths: 152.
num_vsnodes_births: 2.
num_vsnodes_deaths: 0.
num_space_committed: 647.
num_space_uncommitted: 0.
num_chunks_returned_to_freelist: 175.
num_chunks_taken_from_freelist: 1712.
num_chunk_merges: 55.
num_chunk_splits: 1201.
num_chunks_enlarged: 918.
num_inconsistent_stats: 0.

CodeCache: size=49152Kb used=7127Kb max_used=8070Kb free=42024Kb
 bounds [0x00000202860a0000, 0x0000020286900000, 0x00000202890a0000]
 total_blobs=4396 nmethods=3844 adapters=479
 compilation: enabled
              stopped_count=0, restarted_count=0
 full_count=0

Compilation events (20 events):
Event: 115830.756 Thread 0x000002028ddc0db0 3834       1       java.lang.invoke.Invokers$Holder::linkToTargetMethod (9 bytes)
Event: 115830.756 Thread 0x000002028ddc0db0 nmethod 3834 0x0000020286578a90 code [0x0000020286578c40, 0x0000020286578d58]
Event: 115830.963 Thread 0x000002028ddc0db0 3835   !   1       java.io.FilterOutputStream::close (183 bytes)
Event: 115830.986 Thread 0x000002028ddc0db0 nmethod 3835 0x0000020286577d10 code [0x0000020286577f20, 0x00000202865783f8]
Event: 115830.986 Thread 0x000002028ddc0db0 3836   !   1       java.io.FileOutputStream::close (69 bytes)
Event: 115830.987 Thread 0x000002028ddc0db0 nmethod 3836 0x0000020286577690 code [0x0000020286577860, 0x0000020286577bd8]
Event: 115830.987 Thread 0x000002028ddc0db0 3837       1       java.io.FileOutputStream$1::<init> (10 bytes)
Event: 115830.987 Thread 0x000002028ddc0db0 nmethod 3837 0x0000020286577390 code [0x0000020286577520, 0x0000020286577638]
Event: 115830.987 Thread 0x000002028ddc0db0 3838       1       java.io.FileOutputStream$1::close (11 bytes)
Event: 115830.989 Thread 0x000002028ddc0db0 nmethod 3838 0x0000020286576d10 code [0x0000020286576ec0, 0x00000202865771d8]
Event: 115830.989 Thread 0x000002028ddc0db0 3840       1       java.lang.ProcessImpl$$Lambda$791/0x00000001003e3e50::run (8 bytes)
Event: 115830.989 Thread 0x000002028ddc0db0 nmethod 3840 0x0000020286576a10 code [0x0000020286576ba0, 0x0000020286576c88]
Event: 115830.989 Thread 0x000002028ddc0db0 3841       1       java.lang.ProcessImpl::lambda$new$0 (6 bytes)
Event: 115830.989 Thread 0x000002028ddc0db0 nmethod 3841 0x0000020286576710 code [0x00000202865768a0, 0x0000020286576968]
Event: 117164.128 Thread 0x000002028ddc0db0 3843       1       java.lang.ProcessImpl$2::run (242 bytes)
Event: 117164.145 Thread 0x000002028ddc0db0 nmethod 3843 0x0000020286574890 code [0x0000020286574b40, 0x00000202865758d8]
Event: 117164.145 Thread 0x000002028ddc0db0 3844       1       java.io.BufferedOutputStream::<init> (9 bytes)
Event: 117164.145 Thread 0x000002028ddc0db0 nmethod 3844 0x0000020286574310 code [0x00000202865744a0, 0x0000020286574778]
Event: 117164.145 Thread 0x000002028ddc0db0 3845       1       java.lang.ProcessImpl::waitFor (136 bytes)
Event: 117164.149 Thread 0x000002028ddc0db0 nmethod 3845 0x0000020286573a90 code [0x0000020286573ca0, 0x00000202865740d8]

GC Heap History (20 events):
Event: 137288.221 GC heap before
{Heap before GC invocations=1346 (full 1337):
 garbage-first heap   total 81920K, used 25519K [0x00000000c0000000, 0x0000000100000000)
  region size 1024K, 1 young (1024K), 0 survivors (0K)
 Metaspace       used 40914K, committed 41472K, reserved 1114112K
  class space    used 5214K, committed 5440K, reserved 1048576K
}
Event: 137288.247 GC heap after
{Heap after GC invocations=1347 (full 1338):
 garbage-first heap   total 81920K, used 25519K [0x00000000c0000000, 0x0000000100000000)
  region size 1024K, 0 young (0K), 0 survivors (0K)
 Metaspace       used 40914K, committed 41472K, reserved 1114112K
  class space    used 5214K, committed 5440K, reserved 1048576K
}
Event: 137331.124 GC heap before
{Heap before GC invocations=1347 (full 1338):
 garbage-first heap   total 81920K, used 25519K [0x00000000c0000000, 0x0000000100000000)
  region size 1024K, 1 young (1024K), 0 survivors (0K)
 Metaspace       used 40914K, committed 41472K, reserved 1114112K
  class space    used 5214K, committed 5440K, reserved 1048576K
}
Event: 137331.167 GC heap after
{Heap after GC invocations=1348 (full 1339):
 garbage-first heap   total 81920K, used 25520K [0x00000000c0000000, 0x0000000100000000)
  region size 1024K, 0 young (0K), 0 survivors (0K)
 Metaspace       used 40914K, committed 41472K, reserved 1114112K
  class space    used 5214K, committed 5440K, reserved 1048576K
}
Event: 137342.022 GC heap before
{Heap before GC invocations=1348 (full 1339):
 garbage-first heap   total 81920K, used 25520K [0x00000000c0000000, 0x0000000100000000)
  region size 1024K, 1 young (1024K), 0 survivors (0K)
 Metaspace       used 40914K, committed 41472K, reserved 1114112K
  class space    used 5214K, committed 5440K, reserved 1048576K
}
Event: 137342.050 GC heap after
{Heap after GC invocations=1349 (full 1340):
 garbage-first heap   total 81920K, used 25520K [0x00000000c0000000, 0x0000000100000000)
  region size 1024K, 0 young (0K), 0 survivors (0K)
 Metaspace       used 40914K, committed 41472K, reserved 1114112K
  class space    used 5214K, committed 5440K, reserved 1048576K
}
Event: 137353.578 GC heap before
{Heap before GC invocations=1349 (full 1340):
 garbage-first heap   total 81920K, used 25520K [0x00000000c0000000, 0x0000000100000000)
  region size 1024K, 1 young (1024K), 0 survivors (0K)
 Metaspace       used 40914K, committed 41472K, reserved 1114112K
  class space    used 5214K, committed 5440K, reserved 1048576K
}
Event: 137353.629 GC heap after
{Heap after GC invocations=1350 (full 1341):
 garbage-first heap   total 81920K, used 25520K [0x00000000c0000000, 0x0000000100000000)
  region size 1024K, 0 young (0K), 0 survivors (0K)
 Metaspace       used 40914K, committed 41472K, reserved 1114112K
  class space    used 5214K, committed 5440K, reserved 1048576K
}
Event: 137365.817 GC heap before
{Heap before GC invocations=1350 (full 1341):
 garbage-first heap   total 81920K, used 25520K [0x00000000c0000000, 0x0000000100000000)
  region size 1024K, 1 young (1024K), 0 survivors (0K)
 Metaspace       used 40914K, committed 41472K, reserved 1114112K
  class space    used 5214K, committed 5440K, reserved 1048576K
}
Event: 137365.845 GC heap after
{Heap after GC invocations=1351 (full 1342):
 garbage-first heap   total 81920K, used 25520K [0x00000000c0000000, 0x0000000100000000)
  region size 1024K, 0 young (0K), 0 survivors (0K)
 Metaspace       used 40914K, committed 41472K, reserved 1114112K
  class space    used 5214K, committed 5440K, reserved 1048576K
}
Event: 137377.203 GC heap before
{Heap before GC invocations=1351 (full 1342):
 garbage-first heap   total 81920K, used 25520K [0x00000000c0000000, 0x0000000100000000)
  region size 1024K, 1 young (1024K), 0 survivors (0K)
 Metaspace       used 40914K, committed 41472K, reserved 1114112K
  class space    used 5214K, committed 5440K, reserved 1048576K
}
Event: 137377.230 GC heap after
{Heap after GC invocations=1352 (full 1343):
 garbage-first heap   total 81920K, used 25520K [0x00000000c0000000, 0x0000000100000000)
  region size 1024K, 0 young (0K), 0 survivors (0K)
 Metaspace       used 40914K, committed 41472K, reserved 1114112K
  class space    used 5214K, committed 5440K, reserved 1048576K
}
Event: 137388.187 GC heap before
{Heap before GC invocations=1352 (full 1343):
 garbage-first heap   total 81920K, used 25520K [0x00000000c0000000, 0x0000000100000000)
  region size 1024K, 1 young (1024K), 0 survivors (0K)
 Metaspace       used 40914K, committed 41472K, reserved 1114112K
  class space    used 5214K, committed 5440K, reserved 1048576K
}
Event: 137388.216 GC heap after
{Heap after GC invocations=1353 (full 1344):
 garbage-first heap   total 81920K, used 25520K [0x00000000c0000000, 0x0000000100000000)
  region size 1024K, 0 young (0K), 0 survivors (0K)
 Metaspace       used 40914K, committed 41472K, reserved 1114112K
  class space    used 5214K, committed 5440K, reserved 1048576K
}
Event: 137399.995 GC heap before
{Heap before GC invocations=1353 (full 1344):
 garbage-first heap   total 81920K, used 25520K [0x00000000c0000000, 0x0000000100000000)
  region size 1024K, 1 young (1024K), 0 survivors (0K)
 Metaspace       used 40914K, committed 41472K, reserved 1114112K
  class space    used 5214K, committed 5440K, reserved 1048576K
}
Event: 137400.021 GC heap after
{Heap after GC invocations=1354 (full 1345):
 garbage-first heap   total 81920K, used 25520K [0x00000000c0000000, 0x0000000100000000)
  region size 1024K, 0 young (0K), 0 survivors (0K)
 Metaspace       used 40914K, committed 41472K, reserved 1114112K
  class space    used 5214K, committed 5440K, reserved 1048576K
}
Event: 137411.421 GC heap before
{Heap before GC invocations=1354 (full 1345):
 garbage-first heap   total 81920K, used 25520K [0x00000000c0000000, 0x0000000100000000)
  region size 1024K, 1 young (1024K), 0 survivors (0K)
 Metaspace       used 40914K, committed 41472K, reserved 1114112K
  class space    used 5214K, committed 5440K, reserved 1048576K
}
Event: 137411.458 GC heap after
{Heap after GC invocations=1355 (full 1346):
 garbage-first heap   total 81920K, used 25520K [0x00000000c0000000, 0x0000000100000000)
  region size 1024K, 0 young (0K), 0 survivors (0K)
 Metaspace       used 40914K, committed 41472K, reserved 1114112K
  class space    used 5214K, committed 5440K, reserved 1048576K
}
Event: 137423.202 GC heap before
{Heap before GC invocations=1355 (full 1346):
 garbage-first heap   total 81920K, used 25520K [0x00000000c0000000, 0x0000000100000000)
  region size 1024K, 1 young (1024K), 0 survivors (0K)
 Metaspace       used 40914K, committed 41472K, reserved 1114112K
  class space    used 5214K, committed 5440K, reserved 1048576K
}
Event: 137423.227 GC heap after
{Heap after GC invocations=1356 (full 1347):
 garbage-first heap   total 81920K, used 25520K [0x00000000c0000000, 0x0000000100000000)
  region size 1024K, 0 young (0K), 0 survivors (0K)
 Metaspace       used 40914K, committed 41472K, reserved 1114112K
  class space    used 5214K, committed 5440K, reserved 1048576K
}

Dll operation events (8 events):
Event: 0.037 Loaded shared library c:\Users\yoshi\.vscode\extensions\redhat.java-1.33.0-win32-x64\jre\17.0.11-win32-x86_64\bin\java.dll
Event: 2.425 Loaded shared library C:\Users\yoshi\.vscode\extensions\redhat.java-1.33.0-win32-x64\jre\17.0.11-win32-x86_64\bin\net.dll
Event: 2.452 Loaded shared library C:\Users\yoshi\.vscode\extensions\redhat.java-1.33.0-win32-x64\jre\17.0.11-win32-x86_64\bin\nio.dll
Event: 3.442 Loaded shared library C:\Users\yoshi\.vscode\extensions\redhat.java-1.33.0-win32-x64\jre\17.0.11-win32-x86_64\bin\zip.dll
Event: 15.658 Loaded shared library C:\Users\yoshi\.vscode\extensions\redhat.java-1.33.0-win32-x64\jre\17.0.11-win32-x86_64\bin\jimage.dll
Event: 19.298 Loaded shared library c:\Users\yoshi\.vscode\extensions\redhat.java-1.33.0-win32-x64\jre\17.0.11-win32-x86_64\bin\verify.dll
Event: 27.631 Loaded shared library C:\Users\yoshi\.vscode\extensions\redhat.java-1.33.0-win32-x64\jre\17.0.11-win32-x86_64\bin\management.dll
Event: 27.639 Loaded shared library C:\Users\yoshi\.vscode\extensions\redhat.java-1.33.0-win32-x64\jre\17.0.11-win32-x86_64\bin\management_ext.dll

Deoptimization events (6 events):
Event: 28.386 Thread 0x00000202938cdd50 DEOPT PACKING pc=0x00000202865d8d81 sp=0x0000000699efd9d0
Event: 28.386 Thread 0x00000202938cdd50 DEOPT UNPACKING pc=0x00000202860f7143 sp=0x0000000699efce60 mode 3
Event: 28.431 Thread 0x00000202929e7910 DEOPT PACKING pc=0x00000202865bd097 sp=0x0000000699fff120
Event: 28.431 Thread 0x00000202929e7910 DEOPT UNPACKING pc=0x00000202860f7143 sp=0x0000000699ffe578 mode 3
Event: 137292.012 Thread 0x00000202938cdd50 DEOPT PACKING pc=0x00000202866b4254 sp=0x0000000699efecd0
Event: 137292.016 Thread 0x00000202938cdd50 DEOPT UNPACKING pc=0x00000202860f7143 sp=0x0000000699efe178 mode 0

Classes unloaded (20 events):
Event: 98.974 Thread 0x000002028dd90ea0 Unloading class 0x0000000100531000 'java/lang/invoke/LambdaForm$MH+0x0000000100531000'
Event: 98.974 Thread 0x000002028dd90ea0 Unloading class 0x0000000100530c00 'java/lang/invoke/LambdaForm$MH+0x0000000100530c00'
Event: 98.974 Thread 0x000002028dd90ea0 Unloading class 0x0000000100530800 'java/lang/invoke/LambdaForm$MH+0x0000000100530800'
Event: 98.974 Thread 0x000002028dd90ea0 Unloading class 0x0000000100530400 'java/lang/invoke/LambdaForm$MH+0x0000000100530400'
Event: 98.974 Thread 0x000002028dd90ea0 Unloading class 0x0000000100530000 'java/lang/invoke/LambdaForm$MH+0x0000000100530000'
Event: 98.974 Thread 0x000002028dd90ea0 Unloading class 0x0000000100529400 'java/lang/invoke/LambdaForm$MH+0x0000000100529400'
Event: 98.974 Thread 0x000002028dd90ea0 Unloading class 0x0000000100529000 'java/lang/invoke/LambdaForm$MH+0x0000000100529000'
Event: 98.974 Thread 0x000002028dd90ea0 Unloading class 0x0000000100528c00 'java/lang/invoke/LambdaForm$MH+0x0000000100528c00'
Event: 98.974 Thread 0x000002028dd90ea0 Unloading class 0x0000000100528800 'java/lang/invoke/LambdaForm$MH+0x0000000100528800'
Event: 98.974 Thread 0x000002028dd90ea0 Unloading class 0x0000000100528400 'java/lang/invoke/LambdaForm$MH+0x0000000100528400'
Event: 98.974 Thread 0x000002028dd90ea0 Unloading class 0x00000001003bc800 'java/lang/invoke/LambdaForm$MH+0x00000001003bc800'
Event: 98.974 Thread 0x000002028dd90ea0 Unloading class 0x00000001003bc400 'java/lang/invoke/LambdaForm$MH+0x00000001003bc400'
Event: 98.974 Thread 0x000002028dd90ea0 Unloading class 0x00000001003bc000 'java/lang/invoke/LambdaForm$MH+0x00000001003bc000'
Event: 98.974 Thread 0x000002028dd90ea0 Unloading class 0x000000010008e800 'java/lang/invoke/LambdaForm$MH+0x000000010008e800'
Event: 98.974 Thread 0x000002028dd90ea0 Unloading class 0x000000010008e400 'java/lang/invoke/LambdaForm$MH+0x000000010008e400'
Event: 98.974 Thread 0x000002028dd90ea0 Unloading class 0x000000010008e000 'java/lang/invoke/LambdaForm$MH+0x000000010008e000'
Event: 98.974 Thread 0x000002028dd90ea0 Unloading class 0x000000010008dc00 'java/lang/invoke/LambdaForm$MH+0x000000010008dc00'
Event: 98.974 Thread 0x000002028dd90ea0 Unloading class 0x000000010008d800 'java/lang/invoke/LambdaForm$MH+0x000000010008d800'
Event: 98.974 Thread 0x000002028dd90ea0 Unloading class 0x000000010008d400 'java/lang/invoke/LambdaForm$MH+0x000000010008d400'
Event: 98.974 Thread 0x000002028dd90ea0 Unloading class 0x000000010008bc00 'java/lang/invoke/LambdaForm$MH+0x000000010008bc00'

Classes redefined (0 events):
No events

Internal exceptions (20 events):
Event: 22.371 Thread 0x000002028341ad30 Exception <a 'java/lang/NoSuchMethodError'{0x00000000c478d168}: 'java.lang.Object java.lang.invoke.DirectMethodHandle$Holder.invokeSpecial(java.lang.Object, java.lang.Object, int, java.lang.Object, java.lang.Object)'> (0x00000000c478d168) 
thrown [s\src\hotspot\share\interpreter\linkResolver.cpp, line 759]
Event: 22.371 Thread 0x000002028341ad30 Exception <a 'java/lang/NoSuchMethodError'{0x00000000c4790e10}: 'java.lang.Object java.lang.invoke.DelegatingMethodHandle$Holder.delegate(java.lang.Object, int, java.lang.Object, java.lang.Object)'> (0x00000000c4790e10) 
thrown [s\src\hotspot\share\interpreter\linkResolver.cpp, line 759]
Event: 22.372 Thread 0x000002028341ad30 Exception <a 'java/lang/NoSuchMethodError'{0x00000000c47a1c98}: 'int java.lang.invoke.Invokers$Holder.linkToTargetMethod(java.lang.Object, java.lang.Object, java.lang.Object)'> (0x00000000c47a1c98) 
thrown [s\src\hotspot\share\interpreter\linkResolver.cpp, line 759]
Event: 22.530 Thread 0x000002028341ad30 Exception <a 'java/lang/NoSuchMethodError'{0x00000000c4263ef0}: 'java.lang.Object java.lang.invoke.DirectMethodHandle$Holder.invokeStaticInit(java.lang.Object, int, int, int, int)'> (0x00000000c4263ef0) 
thrown [s\src\hotspot\share\interpreter\linkResolver.cpp, line 759]
Event: 22.616 Thread 0x000002028341ad30 Exception <a 'java/lang/NoSuchMethodError'{0x00000000c417e178}: 'java.lang.Object java.lang.invoke.DirectMethodHandle$Holder.invokeStaticInit(java.lang.Object, java.lang.Object, int, int, int, int)'> (0x00000000c417e178) 
thrown [s\src\hotspot\share\interpreter\linkResolver.cpp, line 759]
Event: 23.093 Thread 0x000002028341ad30 Exception <a 'java/lang/NoSuchMethodError'{0x00000000c380ddf8}: 'void java.lang.invoke.DirectMethodHandle$Holder.invokeSpecialIFC(java.lang.Object, java.lang.Object, java.lang.Object)'> (0x00000000c380ddf8) 
thrown [s\src\hotspot\share\interpreter\linkResolver.cpp, line 759]
Event: 25.067 Thread 0x000002028341ad30 Exception <a 'java/lang/NoSuchMethodError'{0x00000000c413bff0}: 'int java.lang.invoke.DirectMethodHandle$Holder.invokeStaticInit(java.lang.Object, java.lang.Object, int, java.lang.Object)'> (0x00000000c413bff0) 
thrown [s\src\hotspot\share\interpreter\linkResolver.cpp, line 759]
Event: 25.530 Thread 0x000002028341ad30 Exception <a 'java/lang/NoSuchMethodError'{0x00000000c406fea8}: 'void java.lang.invoke.DirectMethodHandle$Holder.invokeSpecial(java.lang.Object, java.lang.Object, java.lang.Object, java.lang.Object, java.lang.Object, java.lang.Object, java.lang.Object)'> (0x00000000c406fea8) 
thrown [s\src\hotspot\share\interpreter\linkResolver.cpp, line 759]
Event: 27.010 Thread 0x000002028341ad30 Exception <a 'java/lang/NoSuchMethodError'{0x00000000c3bc2210}: 'java.lang.Object java.lang.invoke.DirectMethodHandle$Holder.invokeInterface(java.lang.Object, java.lang.Object, int)'> (0x00000000c3bc2210) 
thrown [s\src\hotspot\share\interpreter\linkResolver.cpp, line 759]
Event: 27.014 Thread 0x000002028341ad30 Exception <a 'java/lang/IncompatibleClassChangeError'{0x00000000c3bd8f98}: Found class java.lang.Object, but interface was expected> (0x00000000c3bd8f98) 
thrown [s\src\hotspot\share\interpreter\linkResolver.cpp, line 826]
Event: 27.618 Thread 0x000002028341ad30 Exception <a 'java/lang/NoSuchMethodError'{0x00000000c35fefd8}: 'java.lang.Object java.lang.invoke.DirectMethodHandle$Holder.newInvokeSpecial(java.lang.Object, java.lang.Object, int, java.lang.Object, java.lang.Object)'> (0x00000000c35fefd8) 
thrown [s\src\hotspot\share\interpreter\linkResolver.cpp, line 759]
Event: 27.620 Thread 0x000002028341ad30 Exception <a 'java/lang/NoSuchMethodError'{0x00000000c3416040}: 'java.lang.Object java.lang.invoke.DirectMethodHandle$Holder.newInvokeSpecial(java.lang.Object, java.lang.Object, java.lang.Object, int)'> (0x00000000c3416040) 
thrown [s\src\hotspot\share\interpreter\linkResolver.cpp, line 759]
Event: 27.620 Thread 0x000002028341ad30 Exception <a 'java/lang/NoSuchMethodError'{0x00000000c341a328}: 'java.lang.Object java.lang.invoke.DirectMethodHandle$Holder.invokeSpecial(java.lang.Object, java.lang.Object, java.lang.Object, java.lang.Object, int)'> (0x00000000c341a328) 
thrown [s\src\hotspot\share\interpreter\linkResolver.cpp, line 759]
Event: 27.621 Thread 0x000002028341ad30 Exception <a 'java/lang/NoSuchMethodError'{0x00000000c341def0}: 'java.lang.Object java.lang.invoke.Invokers$Holder.linkToTargetMethod(java.lang.Object, java.lang.Object, int, java.lang.Object)'> (0x00000000c341def0) 
thrown [s\src\hotspot\share\interpreter\linkResolver.cpp, line 759]
Event: 28.191 Thread 0x00000202929e7910 Exception <a 'java/lang/NoSuchMethodError'{0x00000000c6cf18f0}: 'java.lang.Object java.lang.invoke.DirectMethodHandle$Holder.invokeStatic(java.lang.Object, int, java.lang.Object)'> (0x00000000c6cf18f0) 
thrown [s\src\hotspot\share\interpreter\linkResolver.cpp, line 759]
Event: 28.321 Thread 0x00000202938cdd50 Exception <a 'java/lang/NoSuchMethodError'{0x00000000c6b72ba8}: 'java.lang.Object java.lang.invoke.DirectMethodHandle$Holder.invokeStatic(java.lang.Object, java.lang.Object, java.lang.Object, int, java.lang.Object, java.lang.Object)'> (0x00000000c6b72ba8) 
thrown [s\src\hotspot\share\interpreter\linkResolver.cpp, line 759]
Event: 29.155 Thread 0x00000202939c2580 Exception <a 'java/lang/NoSuchMethodError'{0x00000000c4063280}: 'int java.lang.invoke.DirectMethodHandle$Holder.invokeStatic(java.lang.Object)'> (0x00000000c4063280) 
thrown [s\src\hotspot\share\interpreter\linkResolver.cpp, line 759]
Event: 29.155 Thread 0x00000202939c2580 Exception <a 'java/lang/NoSuchMethodError'{0x00000000c4066680}: 'int java.lang.invoke.DirectMethodHandle$Holder.invokeStaticInit(java.lang.Object)'> (0x00000000c4066680) 
thrown [s\src\hotspot\share\interpreter\linkResolver.cpp, line 759]
Event: 67.645 Thread 0x00000202938b9030 Exception <a 'java/lang/NoSuchMethodError'{0x00000000c40c62a8}: 'void java.lang.invoke.DirectMethodHandle$Holder.invokeStatic(java.lang.Object, long)'> (0x00000000c40c62a8) 
thrown [s\src\hotspot\share\interpreter\linkResolver.cpp, line 759]
Event: 67.646 Thread 0x00000202938b9030 Exception <a 'java/lang/NoSuchMethodError'{0x00000000c40cb650}: 'java.lang.Object java.lang.invoke.DirectMethodHandle$Holder.newInvokeSpecial(java.lang.Object, long)'> (0x00000000c40cb650) 
thrown [s\src\hotspot\share\interpreter\linkResolver.cpp, line 759]

VM Operations (20 events):
Event: 137288.247 Executing VM operation: G1CollectFull done
Event: 137331.124 Executing VM operation: G1CollectFull
Event: 137331.167 Executing VM operation: G1CollectFull done
Event: 137342.020 Executing VM operation: G1CollectFull
Event: 137342.050 Executing VM operation: G1CollectFull done
Event: 137353.563 Executing VM operation: G1CollectFull
Event: 137353.629 Executing VM operation: G1CollectFull done
Event: 137365.817 Executing VM operation: G1CollectFull
Event: 137365.845 Executing VM operation: G1CollectFull done
Event: 137377.203 Executing VM operation: G1CollectFull
Event: 137377.230 Executing VM operation: G1CollectFull done
Event: 137388.187 Executing VM operation: G1CollectFull
Event: 137388.216 Executing VM operation: G1CollectFull done
Event: 137399.994 Executing VM operation: G1CollectFull
Event: 137400.021 Executing VM operation: G1CollectFull done
Event: 137411.418 Executing VM operation: G1CollectFull
Event: 137411.459 Executing VM operation: G1CollectFull done
Event: 137423.201 Executing VM operation: G1CollectFull
Event: 137423.228 Executing VM operation: G1CollectFull done
Event: 137435.336 Executing VM operation: G1CollectFull

Events (20 events):
Event: 29.160 loading class java/util/concurrent/atomic/AtomicLongFieldUpdater$CASUpdater done
Event: 29.160 loading class java/util/concurrent/atomic/AtomicLongFieldUpdater$CASUpdater$1
Event: 29.160 loading class java/util/concurrent/atomic/AtomicLongFieldUpdater$CASUpdater$1 done
Event: 34.192 Thread 0x00000202929caee0 Thread exited: 0x00000202929caee0
Event: 67.627 loading class java/lang/ProcessBuilder
Event: 67.628 loading class java/lang/ProcessBuilder done
Event: 67.628 loading class java/lang/ProcessImpl
Event: 67.629 loading class java/lang/ProcessImpl done
Event: 67.646 loading class java/lang/ProcessImpl$2
Event: 67.646 loading class java/lang/ProcessImpl$2 done
Event: 67.646 loading class java/lang/Process$PipeInputStream
Event: 67.646 loading class java/lang/Process$PipeInputStream done
Event: 67.647 loading class jdk/internal/event/ProcessStartEvent
Event: 67.648 loading class jdk/internal/event/ProcessStartEvent done
Event: 68.009 loading class java/io/FileOutputStream$1
Event: 68.009 loading class java/io/FileOutputStream$1 done
Event: 7834.256 Thread 0x0000020292fcb260 Thread added: 0x0000020292fcb260
Event: 7834.256 Thread 0x0000020293a20600 Thread added: 0x0000020293a20600
Event: 24514.978 Thread 0x0000020293a20600 Thread exited: 0x0000020293a20600
Event: 24514.978 Thread 0x0000020292fcb260 Thread exited: 0x0000020292fcb260


Dynamic libraries:
0x00007ff7f0d90000 - 0x00007ff7f0d9e000 	c:\Users\yoshi\.vscode\extensions\redhat.java-1.33.0-win32-x64\jre\17.0.11-win32-x86_64\bin\java.exe
0x00007ffc8a6f0000 - 0x00007ffc8a907000 	C:\WINDOWS\SYSTEM32\ntdll.dll
0x00007ffc890f0000 - 0x00007ffc891b4000 	C:\WINDOWS\System32\KERNEL32.DLL
0x00007ffc87a10000 - 0x00007ffc87dbd000 	C:\WINDOWS\System32\KERNELBASE.dll
0x00007ffc87f30000 - 0x00007ffc88041000 	C:\WINDOWS\System32\ucrtbase.dll
0x00007ffc5e430000 - 0x00007ffc5e447000 	c:\Users\yoshi\.vscode\extensions\redhat.java-1.33.0-win32-x64\jre\17.0.11-win32-x86_64\bin\jli.dll
0x00007ffc8a310000 - 0x00007ffc8a4be000 	C:\WINDOWS\System32\USER32.dll
0x00007ffc88330000 - 0x00007ffc88356000 	C:\WINDOWS\System32\win32u.dll
0x00007ffc88420000 - 0x00007ffc88449000 	C:\WINDOWS\System32\GDI32.dll
0x00007ffc881e0000 - 0x00007ffc882f9000 	C:\WINDOWS\System32\gdi32full.dll
0x00007ffc88140000 - 0x00007ffc881da000 	C:\WINDOWS\System32\msvcp_win.dll
0x00007ffc5e370000 - 0x00007ffc5e38b000 	c:\Users\yoshi\.vscode\extensions\redhat.java-1.33.0-win32-x64\jre\17.0.11-win32-x86_64\bin\VCRUNTIME140.dll
0x00007ffc6d9e0000 - 0x00007ffc6dc73000 	C:\WINDOWS\WinSxS\amd64_microsoft.windows.common-controls_6595b64144ccf1df_6.0.22621.3672_none_2713b9d173822955\COMCTL32.dll
0x00007ffc88540000 - 0x00007ffc885e7000 	C:\WINDOWS\System32\msvcrt.dll
0x00007ffc8a4c0000 - 0x00007ffc8a4f1000 	C:\WINDOWS\System32\IMM32.DLL
0x00007ffc76a40000 - 0x00007ffc76a4c000 	c:\Users\yoshi\.vscode\extensions\redhat.java-1.33.0-win32-x64\jre\17.0.11-win32-x86_64\bin\vcruntime140_1.dll
0x00007ffc447d0000 - 0x00007ffc4485d000 	c:\Users\yoshi\.vscode\extensions\redhat.java-1.33.0-win32-x64\jre\17.0.11-win32-x86_64\bin\msvcp140.dll
0x00007ffbd7b40000 - 0x00007ffbd87a2000 	c:\Users\yoshi\.vscode\extensions\redhat.java-1.33.0-win32-x64\jre\17.0.11-win32-x86_64\bin\server\jvm.dll
0x00007ffc8a1a0000 - 0x00007ffc8a252000 	C:\WINDOWS\System32\ADVAPI32.dll
0x00007ffc8a260000 - 0x00007ffc8a309000 	C:\WINDOWS\System32\sechost.dll
0x00007ffc88300000 - 0x00007ffc88328000 	C:\WINDOWS\System32\bcrypt.dll
0x00007ffc89610000 - 0x00007ffc89724000 	C:\WINDOWS\System32\RPCRT4.dll
0x00007ffc87720000 - 0x00007ffc8776d000 	C:\WINDOWS\SYSTEM32\POWRPROF.dll
0x00007ffc6cbb0000 - 0x00007ffc6cbb9000 	C:\WINDOWS\SYSTEM32\WSOCK32.dll
0x00007ffc884a0000 - 0x00007ffc88511000 	C:\WINDOWS\System32\WS2_32.dll
0x00007ffc7ef40000 - 0x00007ffc7ef74000 	C:\WINDOWS\SYSTEM32\WINMM.dll
0x00007ffc7fda0000 - 0x00007ffc7fdaa000 	C:\WINDOWS\SYSTEM32\VERSION.dll
0x00007ffc87700000 - 0x00007ffc87713000 	C:\WINDOWS\SYSTEM32\UMPDC.dll
0x00007ffc86a20000 - 0x00007ffc86a38000 	C:\WINDOWS\SYSTEM32\kernel.appcore.dll
0x00007ffc769b0000 - 0x00007ffc769ba000 	c:\Users\yoshi\.vscode\extensions\redhat.java-1.33.0-win32-x64\jre\17.0.11-win32-x86_64\bin\jimage.dll
0x00007ffc853a0000 - 0x00007ffc855d2000 	C:\WINDOWS\SYSTEM32\DBGHELP.DLL
0x00007ffc89270000 - 0x00007ffc895fd000 	C:\WINDOWS\System32\combase.dll
0x00007ffc885f0000 - 0x00007ffc886c7000 	C:\WINDOWS\System32\OLEAUT32.dll
0x00007ffc6cfa0000 - 0x00007ffc6cfd2000 	C:\WINDOWS\SYSTEM32\dbgcore.DLL
0x00007ffc880c0000 - 0x00007ffc8813b000 	C:\WINDOWS\System32\bcryptPrimitives.dll
0x00007ffc55420000 - 0x00007ffc55445000 	c:\Users\yoshi\.vscode\extensions\redhat.java-1.33.0-win32-x64\jre\17.0.11-win32-x86_64\bin\java.dll
0x00007ffc5de60000 - 0x00007ffc5de78000 	c:\Users\yoshi\.vscode\extensions\redhat.java-1.33.0-win32-x64\jre\17.0.11-win32-x86_64\bin\zip.dll
0x00007ffc89890000 - 0x00007ffc8a0f7000 	C:\WINDOWS\System32\SHELL32.dll
0x00007ffc85910000 - 0x00007ffc8620e000 	C:\WINDOWS\SYSTEM32\windows.storage.dll
0x00007ffc857d0000 - 0x00007ffc8590f000 	C:\WINDOWS\SYSTEM32\wintypes.dll
0x00007ffc88f90000 - 0x00007ffc89089000 	C:\WINDOWS\System32\SHCORE.dll
0x00007ffc89090000 - 0x00007ffc890ee000 	C:\WINDOWS\System32\shlwapi.dll
0x00007ffc87940000 - 0x00007ffc87961000 	C:\WINDOWS\SYSTEM32\profapi.dll
0x00007ffc5acc0000 - 0x00007ffc5acd9000 	C:\Users\yoshi\.vscode\extensions\redhat.java-1.33.0-win32-x64\jre\17.0.11-win32-x86_64\bin\net.dll
0x00007ffc80dd0000 - 0x00007ffc80f06000 	C:\WINDOWS\SYSTEM32\WINHTTP.dll
0x00007ffc86eb0000 - 0x00007ffc86f19000 	C:\WINDOWS\system32\mswsock.dll
0x00007ffc5a840000 - 0x00007ffc5a856000 	C:\Users\yoshi\.vscode\extensions\redhat.java-1.33.0-win32-x64\jre\17.0.11-win32-x86_64\bin\nio.dll
0x00007ffc76250000 - 0x00007ffc76260000 	c:\Users\yoshi\.vscode\extensions\redhat.java-1.33.0-win32-x64\jre\17.0.11-win32-x86_64\bin\verify.dll
0x00007ffc87110000 - 0x00007ffc8712b000 	C:\WINDOWS\SYSTEM32\CRYPTSP.dll
0x00007ffc86980000 - 0x00007ffc869b5000 	C:\WINDOWS\system32\rsaenh.dll
0x00007ffc86fb0000 - 0x00007ffc86fd8000 	C:\WINDOWS\SYSTEM32\USERENV.dll
0x00007ffc87130000 - 0x00007ffc8713c000 	C:\WINDOWS\SYSTEM32\CRYPTBASE.dll
0x00007ffc86460000 - 0x00007ffc8648d000 	C:\WINDOWS\SYSTEM32\IPHLPAPI.DLL
0x00007ffc88520000 - 0x00007ffc88529000 	C:\WINDOWS\System32\NSI.dll
0x00007ffc7fdb0000 - 0x00007ffc7fdc9000 	C:\WINDOWS\SYSTEM32\dhcpcsvc6.DLL
0x00007ffc7f7b0000 - 0x00007ffc7f7cf000 	C:\WINDOWS\SYSTEM32\dhcpcsvc.DLL
0x00007ffc86490000 - 0x00007ffc86588000 	C:\WINDOWS\SYSTEM32\DNSAPI.dll
0x00007ffc75eb0000 - 0x00007ffc75eb9000 	C:\Users\yoshi\.vscode\extensions\redhat.java-1.33.0-win32-x64\jre\17.0.11-win32-x86_64\bin\management.dll
0x00007ffc75dd0000 - 0x00007ffc75ddb000 	C:\Users\yoshi\.vscode\extensions\redhat.java-1.33.0-win32-x64\jre\17.0.11-win32-x86_64\bin\management_ext.dll
0x00007ffc88f20000 - 0x00007ffc88f28000 	C:\WINDOWS\System32\PSAPI.DLL

dbghelp: loaded successfully - version: 4.0.5 - missing functions: none
symbol engine: initialized successfully - sym options: 0x614 - pdb path: .;c:\Users\yoshi\.vscode\extensions\redhat.java-1.33.0-win32-x64\jre\17.0.11-win32-x86_64\bin;C:\WINDOWS\SYSTEM32;C:\WINDOWS\WinSxS\amd64_microsoft.windows.common-controls_6595b64144ccf1df_6.0.22621.3672_none_2713b9d173822955;c:\Users\yoshi\.vscode\extensions\redhat.java-1.33.0-win32-x64\jre\17.0.11-win32-x86_64\bin\server

VM Arguments:
jvm_args: -Xmx1024m -Dsts.lsp.client=vscode -Dsts.log.file=/dev/null -XX:TieredStopAtLevel=1 -Xlog:jni+resolve=off -Dspring.config.location=file:c:\Users\yoshi\.vscode\extensions\vmware.vscode-spring-boot-1.56.0\language-server\BOOT-INF\classes\application.properties 
java_command: org.springframework.ide.vscode.boot.app.BootLanguageServerBootApp
java_class_path (initial): c:\Users\yoshi\.vscode\extensions\vmware.vscode-spring-boot-1.56.0\language-server\BOOT-INF\classes;c:\Users\yoshi\.vscode\extensions\vmware.vscode-spring-boot-1.56.0\language-server\BOOT-INF\lib\annotations-24.1.0.jar;c:\Users\yoshi\.vscode\extensions\vmware.vscode-spring-boot-1.56.0\language-server\BOOT-INF\lib\antlr4-runtime-4.13.1.jar;c:\Users\yoshi\.vscode\extensions\vmware.vscode-spring-boot-1.56.0\language-server\BOOT-INF\lib\asm-9.7.jar;c:\Users\yoshi\.vscode\extensions\vmware.vscode-spring-boot-1.56.0\language-server\BOOT-INF\lib\asm-analysis-9.7.jar;c:\Users\yoshi\.vscode\extensions\vmware.vscode-spring-boot-1.56.0\language-server\BOOT-INF\lib\asm-tree-9.7.jar;c:\Users\yoshi\.vscode\extensions\vmware.vscode-spring-boot-1.56.0\language-server\BOOT-INF\lib\asm-util-9.7.jar;c:\Users\yoshi\.vscode\extensions\vmware.vscode-spring-boot-1.56.0\language-server\BOOT-INF\lib\caffeine-3.1.8.jar;c:\Users\yoshi\.vscode\extensions\vmware.vscode-spring-boot-1.56.0\language-server\BOOT-INF\lib\checker-qual-3.12.0.jar;c:\Users\yoshi\.vscode\extensions\vmware.vscode-spring-boot-1.56.0\language-server\BOOT-INF\lib\classgraph-4.8.149.jar;c:\Users\yoshi\.vscode\extensions\vmware.vscode-spring-boot-1.56.0\language-server\BOOT-INF\lib\commons-codec-1.16.1.jar;c:\Users\yoshi\.vscode\extensions\vmware.vscode-spring-boot-1.56.0\language-server\BOOT-INF\lib\commons-compress-1.26.2.jar;c:\Users\yoshi\.vscode\extensions\vmware.vscode-spring-boot-1.56.0\language-server\BOOT-INF\lib\commons-io-2.16.1.jar;c:\Users\yoshi\.vscode\extensions\vmware.vscode-spring-boot-1.56.0\language-server\BOOT-INF\lib\commons-java-1.56.0-SNAPSHOT.jar;c:\Users\yoshi\.vscode\extensions\vmware.vscode-spring-boot-1.56.0\language-server\BOOT-INF\lib\commons-lang3-3.14.0.jar;c:\Users\yoshi\.vscode\extensions\vmware.vscode-spring-boot-1.56.0\language-server\BOOT-INF\lib\commons-language-server-1.56.0-SNAPSHOT.jar;c:\Users\yoshi\.vscode\extensions\vmware.vscode-spring-boot-1.56.0\langu
Launcher Type: SUN_STANDARD

[Global flags]
     intx CICompilerCount                          = 3                                         {product} {ergonomic}
     uint ConcGCThreads                            = 2                                         {product} {ergonomic}
     uint G1ConcRefinementThreads                  = 6                                         {product} {ergonomic}
   size_t G1HeapRegionSize                         = 1048576                                   {product} {ergonomic}
    uintx GCDrainStackTargetSize                   = 64                                        {product} {ergonomic}
   size_t InitialHeapSize                          = 123731968                                 {product} {ergonomic}
   size_t MarkStackSize                            = 4194304                                   {product} {ergonomic}
   size_t MaxHeapSize                              = 1073741824                                {product} {command line}
   size_t MaxNewSize                               = 643825664                                 {product} {ergonomic}
   size_t MinHeapDeltaBytes                        = 1048576                                   {product} {ergonomic}
   size_t MinHeapSize                              = 8388608                                   {product} {ergonomic}
    uintx NonProfiledCodeHeapSize                  = 0                                      {pd product} {ergonomic}
     bool ProfileInterpreter                       = false                                  {pd product} {command line}
    uintx ProfiledCodeHeapSize                     = 0                                      {pd product} {ergonomic}
   size_t SoftMaxHeapSize                          = 1073741824                             {manageable} {ergonomic}
     intx TieredStopAtLevel                        = 1                                         {product} {command line}
     bool UseCompressedClassPointers               = true                           {product lp64_product} {ergonomic}
     bool UseCompressedOops                        = true                           {product lp64_product} {ergonomic}
     bool UseG1GC                                  = true                                      {product} {ergonomic}
     bool UseLargePagesIndividualAllocation        = false                                  {pd product} {ergonomic}

Logging:
Log output configuration:
 #0: stdout all=warning,jni+resolve=off uptime,level,tags
 #1: stderr all=off uptime,level,tags

Environment Variables:
JAVA_HOME=C:\Program Files\Java\jdk-17.0.2
CLASSPATH=C:\apache-tomcat-9.0.64\lib\servlet-api.jar
PATH=C:\oraclexe\app\oracle\product\11.2.0\server\bin;C:\Program Files\Common Files\Oracle\Java\javapath;C:\WINDOWS\system32;C:\WINDOWS;C:\WINDOWS\System32\Wbem;C:\WINDOWS\System32\WindowsPowerShell\v1.0\;C:\WINDOWS\System32\OpenSSH\;C:\xampp\php;C:\Users\yoshi\AppData\Roaming\nvm;C:\Program Files\nodejs;C:\Users\yoshi\ts-basic\node_modules\.bin\tsc;C:\Users\yoshi\ts-basic\node_modules\typescript\bin\tsc;C:\xampp\htdocs;C:\ProgramData\ComposerSetup\bin;C:\Program Files\Java\jdk-17.0.2\bin;C:\Program Files\dotnet\;C:\Program Files\Git\cmd;C:\Program Files (x86)\MySQL\Connector J 8.0\mysql-connector-java-8.0.20.jar;C:\Program Files\Docker\Docker\resources\bin;C:\Program Files\PostgreSQL\15\bin;C:\Users\yoshi\AppData\Local\Microsoft\WindowsApps;C:\Users\yoshi\AppData\Local\Programs\Microsoft VS Code\bin;C:\Users\yoshi\AppData\Roaming\nvm;C:\Program Files\nodejs;C:\Users\yoshi\AppData\Roaming\Composer\vendor\bin;C:\Users\yoshi\AppData\Local\GitHubDesktop\bin
USERNAME=yoshi
OS=Windows_NT
PROCESSOR_IDENTIFIER=AMD64 Family 23 Model 96 Stepping 1, AuthenticAMD
TMP=C:\Users\yoshi\AppData\Local\Temp
TEMP=C:\Users\yoshi\AppData\Local\Temp



Periodic native trim disabled


---------------  S Y S T E M  ---------------

OS:
 Windows 11 , 64 bit Build 22621 (10.0.22621.3958)
OS uptime: 10 days 23:36 hours
Hyper-V role detected

CPU: total 6 (initial active 6) (6 cores per cpu, 1 threads per core) family 23 model 96 stepping 1 microcode 0x0, cx8, cmov, fxsr, mmx, 3dnowpref, sse, sse2, sse3, ssse3, sse4a, sse4.1, sse4.2, popcnt, lzcnt, tsc, tscinvbit, avx, avx2, aes, clmul, bmi1, bmi2, adx, sha, fma, vzeroupper, clflush, clflushopt, hv
Processor Information for all 6 processors :
  Max Mhz: 2375, Current Mhz: 2375, Mhz Limit: 2375

Memory: 4k page, system-wide physical 7545M (73M free)
TotalPageFile size 31097M (AvailPageFile size 0M)
current process WorkingSet (physical memory assigned to process): 41M, peak: 177M
current process commit charge ("private bytes"): 213M, peak: 223M

vm_info: OpenJDK 64-Bit Server VM (17.0.11+9) for windows-amd64 JRE (17.0.11+9), built on Apr 17 2024 06:07:48 by "admin" with MS VC++ 16.10 / 16.11 (VS2019)

END.
